Sencha Cmd 7.0.0.40 - Crash report
================================================
An error occurred while executing the following command: app build

Diagnostic information:
=======================
                         app.archivePath : archive/${build.id}                               
                      app.bootstrap.base : C:\Users\nhari\OneDrive\Documents\sencha\extjsproj2\my-app
                       app.bootstrap.css : generatedFiles/bootstrap.css                      
                  app.bootstrap.manifest : generatedFiles/${build.id}.json                   
               app.bootstrap.microloader : generatedFiles/bootstrap.js                       
   app.builds.desktop.sass.generated.src : ${build.id}/sass/save                             
   app.builds.desktop.sass.generated.var : ${build.id}/sass/save.scss                        
                app.builds.desktop.theme : theme-triton                                      
              app.builds.desktop.toolkit : classic                                           
                        app.cache.deltas : ${build.id}/deltas                                
                        app.cache.enable : false                                             
                          app.classic.js :                                                   
                   app.classic.js.length : 0                                                 
                           app.classpath : app/shared/src,app/${build.id}/src                
                         app.classpath.0 : app/shared/src                                    
                         app.classpath.1 : app/${build.id}/src                               
                    app.classpath.length : 2                                                 
                          app.compressor : null                                              
                          app.config.dir : C:\Users\nhari\bin\Sencha\Cmd\7.0.0.40\ant\build\app
                app.cordova.cache.enable : false                                             
                   app.cordova.config.id : com.domain.MyApp                                  
                 app.cordova.config.name : MyApp                                             
                 app.cordova.config.path : C:\Users\nhari\OneDrive\Documents\sencha\extjsproj2\my-app/cordova
               app.cordova.config.target :                                                   
              app.cordova.config.verbose : false                                             
                   app.cordova.js.0.path : cordova.js                                        
               app.cordova.js.0.priority : 1000                                              
                 app.cordova.js.0.remote : true                                              
                   app.cordova.js.length : 1                                                 
                 app.cordova.microloader : C:\Users\nhari\bin\Sencha\Cmd\7.0.0.40\ant\build\app/Microloader.js
      app.cordova.output.appCache.enable : false                                             
                 app.cordova.output.base : C:\Users\nhari\OneDrive\Documents\sencha\extjsproj2\my-app/cordova/www
             app.cordova.output.manifest : ${build.id}.json                                  
                 app.cordova.output.page : index.html                                        
             app.development.js.0.bundle : true                                              
               app.development.js.0.path : app.js                                            
               app.development.js.1.path : main.js                                           
               app.development.js.length : 2                                                 
             app.development.watch.delay : 250                                               
                                 app.dir : C:\Users\nhari\OneDrive\Documents\sencha\extjsproj2\my-app
              app.fashion.inliner.enable : false                                             
           app.fashion.missingParameters : error                                             
                           app.framework : ext78                                             
                                  app.id : d6b48819-d76c-4657-ad07-0cf30d17259b              
                       app.indexHtmlPath : index.html                                        
                        app.loader.cache : false                                             
                   app.loader.cacheParam : _dc                                               
                           app.modern.js :                                                   
                    app.modern.js.length : 0                                                 
                                app.name : MyApp                                             
                           app.namespace : MyApp                                             
              app.output.appCache.enable : false                                             
                         app.output.base : C:\Users\nhari\OneDrive\Documents\sencha\extjsproj2\my-app/build/${build.environment}/MyApp
                           app.output.js : generatedFiles/${build.id}/app.js                 
                     app.output.manifest : generatedFiles/${build.id}.json                   
           app.output.microloader.enable : true                                              
                         app.output.page : index.html                                        
               app.output.resources.path : ${build.id}/resources                             
             app.output.resources.shared : resources                                         
                           app.overrides : app/shared/overrides,app/${build.id}/overrides    
                         app.overrides.0 : app/shared/overrides                              
                         app.overrides.1 : app/${build.id}/overrides                         
                    app.overrides.length : 2                                                 
               app.phonegap.cache.enable : false                                             
                  app.phonegap.config.id : com.domain.MyApp                                  
                app.phonegap.config.name : MyApp                                             
                app.phonegap.config.path : C:\Users\nhari\OneDrive\Documents\sencha\extjsproj2\my-app/phonegap
              app.phonegap.config.remote : false                                             
             app.phonegap.config.verbose : false                                             
                  app.phonegap.js.0.path : cordova.js                                        
              app.phonegap.js.0.priority : 1000                                              
                app.phonegap.js.0.remote : true                                              
                  app.phonegap.js.length : 1                                                 
                app.phonegap.microloader : C:\Users\nhari\bin\Sencha\Cmd\7.0.0.40\ant\build\app/Microloader.js
     app.phonegap.output.appCache.enable : false                                             
                app.phonegap.output.base : C:\Users\nhari\OneDrive\Documents\sencha\extjsproj2\my-app/phonegap/www
            app.phonegap.output.manifest : ${build.id}.json                                  
                app.phonegap.output.page : index.html                                        
             app.production.cache.enable : true                                              
          app.production.compressor.type : yui                                               
              app.production.js.0.bundle : true                                              
                app.production.js.0.path : app.js                                            
            app.production.js.1.compress : false                                             
                app.production.js.1.path : ${app.webpack.bundle}                             
                app.production.js.length : 2                                                 
             app.production.loader.cache : ${build.timestamp}                                
   app.production.output.appCache.enable : false                                             
     app.production.output.appCache.path : cache.appcache                                    
                        app.sass.dynamic : true                                              
                            app.sass.etc : sass/etc/all.scss                                 
                          app.sass.etc.0 : sass/etc/all.scss                                 
                     app.sass.etc.length : 1                                                 
                        app.sass.fashion : true                                              
                      app.sass.namespace : MyApp                                             
                            app.sass.src : app/shared/src/sass/src.scss,app/${build.id}/sass/src.scss
                          app.sass.src.0 : app/shared/src/sass/src.scss                      
                          app.sass.src.1 : app/${build.id}/sass/src.scss                     
                     app.sass.src.length : 2                                                 
                            app.sass.var : app/shared/sass/var.scss,app/${build.id}/sass/var.scss
                          app.sass.var.0 : app/shared/sass/var.scss                          
                          app.sass.var.1 : app/${build.id}/sass/var.scss                     
                     app.sass.var.length : 2                                                 
                 app.slicer.cache.enable : false                                             
        app.slicer.js.0.isWidgetManifest : true                                              
                    app.slicer.js.0.path : C:\Users\nhari\OneDrive\Documents\sencha\extjsproj2\my-app/sass/example/custom.js
                    app.slicer.js.length : 1                                                 
       app.slicer.output.appCache.enable : false                                             
                            app.template : moderndesktop                                     
                 app.testing.js.0.bundle : true                                              
                   app.testing.js.0.path : app.js                                            
               app.testing.js.1.compress : false                                             
                   app.testing.js.1.path : ${app.webpack.bundle}                             
                   app.testing.js.length : 2                                                 
                             app.version : 1.0.0.0                                           
                    buildenvironment.dir : C:\Users\nhari\OneDrive\Documents\sencha\extjsproj2\my-app
               buildenvironment.load.dir : C:\Users\nhari\OneDrive\Documents\sencha\extjsproj2\my-app
                          cmd.config.dir : C:\Users\nhari\bin\Sencha\Cmd\7.0.0.40            
                                 cmd.dir : C:\Users\nhari\bin\Sencha\Cmd\7.0.0.40            
                    cmd.framework.minver : 5.5.0                                             
                   cmd.framework.version : 99.99                                             
              cmd.merge.tool.args.araxis : -wait -merge -3 -a1 {base} {user} {generated} {out}
              cmd.merge.tool.args.kdiff3 : {base} {user} {generated} -o {out}                
             cmd.merge.tool.args.p4merge : {base} {user} {generated} {out}                   
           cmd.merge.tool.args.smartsync : {user} {generated} {base}                         
          cmd.merge.tool.args.sourcegear : --merge --result={out} {user} {base} {generated}  
            cmd.merge.tool.args.tortoise : -base:{base} -theirs:{generated} -mine:{user} -merged:{out}
                              cmd.minver : 3.0.0.0                                           
                            cmd.platform : windows                                           
                     cmd.unicode.escapes : C:\Users\nhari\bin\Sencha\Cmd\7.0.0.40/unicode-escapes.json
                             cmd.version : 7.0.0.40                                          
                            cmd.web.port : 1841                                              
                     config.skipDownload : true                                              
                      config.skipInherit : false                                             
                        ext.license.name : trial                                             
                     framework.build.dir : ${package.output.base}                            
                     framework.classpath : ${package.dir}/src                                
                    framework.cmd.minver : 7.8.0.59                                          
                   framework.cmd.version : 7.8.0.59                                          
                 framework.compatVersion : 7.8.0                                             
                    framework.config.dir : C:\Users\nhari\bin\Sencha\Cmd\7.0.0.40\plugins\ext\current
                       framework.creator : Sencha                                            
           framework.detailedDescription : Sencha Ext JS JavaScript Framework                
                           framework.dir : C:\Users\nhari\OneDrive\Documents\sencha\extjsproj2\my-app\ext78
                  framework.example.apps : admin-dashboard,executive-dashboard,feed-viewer,kitchensink,calendar,classic/desktop,classic/ticket-app,classic/portal,classic/simple-tasks,classic/responsive-app,classic/aria,modern/addressbook,modern/blackberry,modern/energy,modern/stockapp,modern/states,modern/geocongress,modern/oreilly
                framework.example.apps.0 : admin-dashboard                                   
                framework.example.apps.1 : executive-dashboard                               
               framework.example.apps.10 : classic/aria                                      
               framework.example.apps.11 : modern/addressbook                                
               framework.example.apps.12 : modern/blackberry                                 
               framework.example.apps.13 : modern/energy                                     
               framework.example.apps.14 : modern/stockapp                                   
               framework.example.apps.15 : modern/states                                     
               framework.example.apps.16 : modern/geocongress                                
               framework.example.apps.17 : modern/oreilly                                    
                framework.example.apps.2 : feed-viewer                                       
                framework.example.apps.3 : kitchensink                                       
                framework.example.apps.4 : calendar                                          
                framework.example.apps.5 : classic/desktop                                   
                framework.example.apps.6 : classic/ticket-app                                
                framework.example.apps.7 : classic/portal                                    
                framework.example.apps.8 : classic/simple-tasks                              
                framework.example.apps.9 : classic/responsive-app                            
           framework.example.apps.length : 18                                                
                  framework.example.path : examples,templates                                
                framework.example.path.0 : examples                                          
                framework.example.path.1 : templates                                         
           framework.example.path.length : 2                                                 
                        framework.format : 1                                                 
                          framework.isV5 : true                                              
                          framework.isV6 : true                                              
                         framework.isV62 : true                                              
                         framework.isV65 : true                                              
     framework.language.js.input.version : ES5                                               
                          framework.name : ext                                               
                     framework.namespace : Ext                                               
                        framework.output : ${package.dir}/build                              
                     framework.overrides : ${package.dir}/overrides                          
                  framework.packages.dir : C:\Users\nhari\OneDrive\Documents\sencha\extjsproj2\my-app\ext78/packages/,C:\Users\nhari\OneDrive\Documents\sencha\extjsproj2\my-app\ext78/${toolkit.name}
                framework.resource.paths : resources                                         
              framework.resource.paths.0 : resources                                         
         framework.resource.paths.length : 1                                                 
                      framework.sass.etc : ${package.dir}/sass/etc/all.scss                  
                  framework.sass.fashion : true                                              
                framework.sass.namespace : Ext                                               
                      framework.sass.src : ${package.dir}/sass/src                           
                      framework.sass.var : ${package.dir}/sass/var                           
        framework.signatures.0.algorithm : SHA1withRSA                                       
          framework.signatures.0.created : 2024-05-28T06:35:39Z                              
             framework.signatures.0.name : Sencha                                            
            framework.signatures.0.nonce : 4iOM8drr5TA=                                      
        framework.signatures.0.signature : GSCHwoftamhenlrRXvBGu0cY0xhy1EQcBqGX6fvsqcGLU9lxiBoDYOQgx/uRwancRbNIw3hY41GY+/xuSRBxPGuaLkszAzRzWxQ6VavV04rDidLjQSVXNZZV2FEjukuS0FH2LJ6OcSXE50jdDbJtLLhIEBdZZVOq3PPozjBXhqQMCODHq3PaCsb1yBgauNZaWbitp//2UcXMpAvU5QyN8PX73vSEri4U0bHIXAgtOwpjcUFABQ03E7NVN52d2QHekdBaZ/geISBjo6XhnFn6OpVj0OXsI3E24wHqZylfMy0Sm4S58FN765aBLhVOYR77XNEaHHVCBmG1jHylAMan/A==
             framework.signatures.0.uuid : d7533313-78f0-4896-9e1a-873de0f6718e              
             framework.signatures.length : 1                                                 
                   framework.subpkgs.dir : ${package.dir}                                    
              framework.subpkgs.packages : classic/classic,modern/modern,packages/charts,packages/amf,packages/soap,packages/ux,packages/google,packages/legacy,packages/font-awesome,packages/font-pictos,packages/font-ext
            framework.subpkgs.packages.0 : classic/classic                                   
            framework.subpkgs.packages.1 : modern/modern                                     
           framework.subpkgs.packages.10 : packages/font-ext                                 
            framework.subpkgs.packages.2 : packages/charts                                   
            framework.subpkgs.packages.3 : packages/amf                                      
            framework.subpkgs.packages.4 : packages/soap                                     
            framework.subpkgs.packages.5 : packages/ux                                       
            framework.subpkgs.packages.6 : packages/google                                   
            framework.subpkgs.packages.7 : packages/legacy                                   
            framework.subpkgs.packages.8 : packages/font-awesome                             
            framework.subpkgs.packages.9 : packages/font-pictos                              
       framework.subpkgs.packages.length : 11                                                
                       framework.summary : Ext JS                                            
                          framework.type : framework                                         
                       framework.version : 7.8.0.33                                          
                       inspector.address : http://localhost:1839/                            
                            minimal.mode : true                                              
                    package.sass.dynamic : true                                              
                          repo.local.dir : C:\Users\nhari\bin\Sencha\Cmd\repo                
                       shared.sencha.dir : true                                              
        system.java.net.useSystemProxies : true                                              
                          workspace.apps :                                                   
                   workspace.apps.length : 0                                                 
                     workspace.build.dir : C:\Users\nhari\OneDrive\Documents\sencha\extjsproj2\my-app/build
                    workspace.config.dir : C:\Users\nhari\bin\Sencha\Cmd\7.0.0.40\ant\build\workspace
                           workspace.dir : C:\Users\nhari\OneDrive\Documents\sencha\extjsproj2\my-app
           workspace.frameworks.ext.path : C:\Users\nhari\OneDrive\Documents\sencha\extjsproj2\my-app\node_modules\@sencha\ext
        workspace.frameworks.ext.version : 7.8.0                                             
      workspace.frameworks.ext78.package : ext@7.8.0.33                                      
         workspace.frameworks.ext78.path : C:\Users\nhari\OneDrive\Documents\sencha\extjsproj2\my-app\ext78
      workspace.frameworks.ext78.version : 7.8.0.33                                          
                  workspace.packages.dir : C:\Users\nhari\OneDrive\Documents\sencha\extjsproj2\my-app/packages/local,C:\Users\nhari\OneDrive\Documents\sencha\extjsproj2\my-app/packages,C:\Users\nhari\OneDrive\Documents\sencha\extjsproj2\my-app/node_modules/@sencha/ext-${toolkit.name},C:\Users\nhari\OneDrive\Documents\sencha\extjsproj2\my-app/node_modules/@sencha/ext-${toolkit.name}-treegrid,C:\Users\nhari\OneDrive\Documents\sencha\extjsproj2\my-app/node_modules/@sencha/ext-${toolkit.name}-theme-base,C:\Users\nhari\OneDrive\Documents\sencha\extjsproj2\my-app/node_modules/@sencha/ext-${toolkit.name}-theme-ios,C:\Users\nhari\OneDrive\Documents\sencha\extjsproj2\my-app/node_modules/@sencha/ext-${toolkit.name}-theme-material,C:\Users\nhari\OneDrive\Documents\sencha\extjsproj2\my-app/node_modules/@sencha/ext-${toolkit.name}-theme-aria,C:\Users\nhari\OneDrive\Documents\sencha\extjsproj2\my-app/node_modules/@sencha/ext-${toolkit.name}-theme-neutral,C:\Users\nhari\OneDrive\Documents\sencha\extjsproj2\my-app/node_modules/@sencha/ext-${toolkit.name}-theme-classic,C:\Users\nhari\OneDrive\Documents\sencha\extjsproj2\my-app/node_modules/@sencha/ext-${toolkit.name}-theme-gray,C:\Users\nhari\OneDrive\Documents\sencha\extjsproj2\my-app/node_modules/@sencha/ext-${toolkit.name}-theme-crisp,C:\Users\nhari\OneDrive\Documents\sencha\extjsproj2\my-app/node_modules/@sencha/ext-${toolkit.name}-theme-crisp-touch,C:\Users\nhari\OneDrive\Documents\sencha\extjsproj2\my-app/node_modules/@sencha/ext-${toolkit.name}-theme-neptune,C:\Users\nhari\OneDrive\Documents\sencha\extjsproj2\my-app/node_modules/@sencha/ext-${toolkit.name}-theme-neptune-touch,C:\Users\nhari\OneDrive\Documents\sencha\extjsproj2\my-app/node_modules/@sencha/ext-${toolkit.name}-theme-triton,C:\Users\nhari\OneDrive\Documents\sencha\extjsproj2\my-app/node_modules/@sencha/ext-${toolkit.name}-theme-graphite,C:\Users\nhari\OneDrive\Documents\sencha\extjsproj2\my-app/node_modules/@sencha/ext-${toolkit.name}-theme-material,C:\Users\nhari\OneDrive\Documents\sencha\extjsproj2\my-app/node_modules/@sencha/ext-calendar,C:\Users\nhari\OneDrive\Documents\sencha\extjsproj2\my-app/node_modules/@sencha/ext-charts,C:\Users\nhari\OneDrive\Documents\sencha\extjsproj2\my-app/node_modules/@sencha/ext-d3,C:\Users\nhari\OneDrive\Documents\sencha\extjsproj2\my-app/node_modules/@sencha/ext-exporter,C:\Users\nhari\OneDrive\Documents\sencha\extjsproj2\my-app/node_modules/@sencha/ext-pivot,C:\Users\nhari\OneDrive\Documents\sencha\extjsproj2\my-app/node_modules/@sencha/ext-pivot-d3,C:\Users\nhari\OneDrive\Documents\sencha\extjsproj2\my-app/node_modules/@sencha/ext-froala-editor,C:\Users\nhari\OneDrive\Documents\sencha\extjsproj2\my-app/node_modules/@sencha/ext-ux,C:\Users\nhari\OneDrive\Documents\sencha\extjsproj2\my-app/node_modules/@sencha/ext-font-ios
              workspace.packages.extract : C:\Users\nhari\OneDrive\Documents\sencha\extjsproj2\my-app/packages/remote

Exception information:
=======================
C:\Users\nhari\bin\Sencha\Cmd\7.0.0.40\plugin.xml:333: The following error occurred while executing this line:
C:\Users\nhari\bin\Sencha\Cmd\7.0.0.40\ant\build\app\build-impl.xml:387: The following error occurred while executing this line:
C:\Users\nhari\bin\Sencha\Cmd\7.0.0.40\ant\build\app\init-impl.xml:436: com.sencha.exceptions.ExNotFound: Unknown definition for dependency : Ext.grid.Grid
     at com.sencha.ant.AntScript.execute(AntScript.java:121)
     at com.sencha.command.plugin.PluginManager.execute(PluginManager.java:104)
     at com.sencha.command.plugin.PluginManager.executeReverseFirst(PluginManager.java:145)
     at com.sencha.command.environment.BuildEnvironment.execute(BuildEnvironment.java:309)
     at com.sencha.command.environment.AppOrPackageEnvironment.execute(AppOrPackageEnvironment.java:729)
     at com.sencha.command.BasePluginCommands$BasePluginCommand.doExecute(BasePluginCommands.java:125)
     at com.sencha.command.app.AppCommands$BuildCommand.execute(AppCommands.java:470)
     at sun.reflect.NativeMethodAccessorImpl.invoke0(Native Method)
     at sun.reflect.NativeMethodAccessorImpl.invoke(Unknown Source)
     at sun.reflect.DelegatingMethodAccessorImpl.invoke(Unknown Source)
     at java.lang.reflect.Method.invoke(Unknown Source)
     at com.sencha.util.MethodInvoker$Arguments.invoke(MethodInvoker.java:175)
     at com.sencha.cli.Command.dispatch(Command.java:43)
     at com.sencha.command.BasePluginCommands$BasePluginCommand.dispatch(BasePluginCommands.java:289)
     at com.sencha.cli.Commands.dispatch(Commands.java:64)
     at com.sencha.cli.Commands.dispatch(Commands.java:64)
     at com.sencha.command.Sencha.dispatch(Sencha.java:80)
     at com.sencha.command.Sencha.main(Sencha.java:151)
     at sun.reflect.NativeMethodAccessorImpl.invoke0(Native Method)
     at sun.reflect.NativeMethodAccessorImpl.invoke(Unknown Source)
     at sun.reflect.DelegatingMethodAccessorImpl.invoke(Unknown Source)
     at java.lang.reflect.Method.invoke(Unknown Source)
     at com.exe4j.runtime.LauncherEngine.launch(Unknown Source)
     at com.exe4j.runtime.WinLauncher.main(Unknown Source)
     at com.install4j.runtime.launcher.WinLauncher.main(Unknown Source)
   Caused by: The following error occurred while executing this line:
C:\Users\nhari\bin\Sencha\Cmd\7.0.0.40\ant\build\app\build-impl.xml:387: The following error occurred while executing this line:
C:\Users\nhari\bin\Sencha\Cmd\7.0.0.40\ant\build\app\init-impl.xml:436: com.sencha.exceptions.ExNotFound: Unknown definition for dependency : Ext.grid.Grid
     at org.apache.tools.ant.ProjectHelper.addLocationToBuildException(ProjectHelper.java:551)
     at org.apache.tools.ant.taskdefs.Ant.execute(Ant.java:444)
     at org.apache.tools.ant.UnknownElement.execute(UnknownElement.java:291)
     at sun.reflect.GeneratedMethodAccessor32.invoke(Unknown Source)
     at sun.reflect.DelegatingMethodAccessorImpl.invoke(Unknown Source)
     at java.lang.reflect.Method.invoke(Unknown Source)
     at org.apache.tools.ant.dispatch.DispatchUtils.execute(DispatchUtils.java:106)
     at org.apache.tools.ant.Task.perform(Task.java:348)
     at org.apache.tools.ant.taskdefs.Sequential.execute(Sequential.java:68)
     at net.sf.antcontrib.logic.IfTask.execute(IfTask.java:217)
     at sun.reflect.NativeMethodAccessorImpl.invoke0(Native Method)
     at sun.reflect.NativeMethodAccessorImpl.invoke(Unknown Source)
     at sun.reflect.DelegatingMethodAccessorImpl.invoke(Unknown Source)
     at java.lang.reflect.Method.invoke(Unknown Source)
     at org.apache.tools.ant.dispatch.DispatchUtils.execute(DispatchUtils.java:106)
     at org.apache.tools.ant.TaskAdapter.execute(TaskAdapter.java:154)
     at org.apache.tools.ant.UnknownElement.execute(UnknownElement.java:291)
     at sun.reflect.NativeMethodAccessorImpl.invoke0(Native Method)
     at sun.reflect.NativeMethodAccessorImpl.invoke(Unknown Source)
     at sun.reflect.DelegatingMethodAccessorImpl.invoke(Unknown Source)
     at java.lang.reflect.Method.invoke(Unknown Source)
     at org.apache.tools.ant.dispatch.DispatchUtils.execute(DispatchUtils.java:106)
     at org.apache.tools.ant.Task.perform(Task.java:348)
     at org.apache.tools.ant.Target.execute(Target.java:392)
     at org.apache.tools.ant.Target.performTasks(Target.java:413)
     at org.apache.tools.ant.Project.executeSortedTargets(Project.java:1399)
     at org.apache.tools.ant.Project.executeTarget(Project.java:1368)
     at org.apache.tools.ant.helper.DefaultExecutor.executeTargets(DefaultExecutor.java:41)
     at org.apache.tools.ant.Project.executeTargets(Project.java:1251)
     at com.sencha.ant.AntScript.execute(AntScript.java:117)
     at com.sencha.command.plugin.PluginManager.execute(PluginManager.java:104)
     at com.sencha.command.plugin.PluginManager.executeReverseFirst(PluginManager.java:145)
     at com.sencha.command.environment.BuildEnvironment.execute(BuildEnvironment.java:309)
     at com.sencha.command.environment.AppOrPackageEnvironment.execute(AppOrPackageEnvironment.java:729)
     at com.sencha.command.BasePluginCommands$BasePluginCommand.doExecute(BasePluginCommands.java:125)
     at com.sencha.command.app.AppCommands$BuildCommand.execute(AppCommands.java:470)
     at sun.reflect.NativeMethodAccessorImpl.invoke0(Native Method)
     at sun.reflect.NativeMethodAccessorImpl.invoke(Unknown Source)
     at sun.reflect.DelegatingMethodAccessorImpl.invoke(Unknown Source)
     at java.lang.reflect.Method.invoke(Unknown Source)
     at com.sencha.util.MethodInvoker$Arguments.invoke(MethodInvoker.java:175)
     at com.sencha.cli.Command.dispatch(Command.java:43)
     at com.sencha.command.BasePluginCommands$BasePluginCommand.dispatch(BasePluginCommands.java:289)
     at com.sencha.cli.Commands.dispatch(Commands.java:64)
     at com.sencha.cli.Commands.dispatch(Commands.java:64)
     at com.sencha.command.Sencha.dispatch(Sencha.java:80)
     at com.sencha.command.Sencha.main(Sencha.java:151)
     at sun.reflect.NativeMethodAccessorImpl.invoke0(Native Method)
     at sun.reflect.NativeMethodAccessorImpl.invoke(Unknown Source)
     at sun.reflect.DelegatingMethodAccessorImpl.invoke(Unknown Source)
     at java.lang.reflect.Method.invoke(Unknown Source)
     at com.exe4j.runtime.LauncherEngine.launch(Unknown Source)
     at com.exe4j.runtime.WinLauncher.main(Unknown Source)
     at com.install4j.runtime.launcher.WinLauncher.main(Unknown Source)
   Caused by: The following error occurred while executing this line:
C:\Users\nhari\bin\Sencha\Cmd\7.0.0.40\ant\build\app\init-impl.xml:436: com.sencha.exceptions.ExNotFound: Unknown definition for dependency : Ext.grid.Grid
     at org.apache.tools.ant.ProjectHelper.addLocationToBuildException(ProjectHelper.java:551)
     at org.apache.tools.ant.taskdefs.Ant.execute(Ant.java:444)
     at org.apache.tools.ant.taskdefs.CallTarget.execute(CallTarget.java:105)
     at com.sencha.ant.CallTask.execute(CallTask.java:137)
     at org.apache.tools.ant.UnknownElement.execute(UnknownElement.java:291)
     at sun.reflect.GeneratedMethodAccessor32.invoke(Unknown Source)
     at sun.reflect.DelegatingMethodAccessorImpl.invoke(Unknown Source)
     at java.lang.reflect.Method.invoke(Unknown Source)
     at org.apache.tools.ant.dispatch.DispatchUtils.execute(DispatchUtils.java:106)
     at org.apache.tools.ant.Task.perform(Task.java:348)
     at org.apache.tools.ant.Target.execute(Target.java:392)
     at org.apache.tools.ant.Target.performTasks(Target.java:413)
     at org.apache.tools.ant.Project.executeSortedTargets(Project.java:1399)
     at org.apache.tools.ant.helper.SingleCheckExecutor.executeTargets(SingleCheckExecutor.java:38)
     at org.apache.tools.ant.Project.executeTargets(Project.java:1251)
     at org.apache.tools.ant.taskdefs.Ant.execute(Ant.java:442)
     at org.apache.tools.ant.UnknownElement.execute(UnknownElement.java:291)
     at sun.reflect.GeneratedMethodAccessor32.invoke(Unknown Source)
     at sun.reflect.DelegatingMethodAccessorImpl.invoke(Unknown Source)
     at java.lang.reflect.Method.invoke(Unknown Source)
     at org.apache.tools.ant.dispatch.DispatchUtils.execute(DispatchUtils.java:106)
     at org.apache.tools.ant.Task.perform(Task.java:348)
     at org.apache.tools.ant.taskdefs.Sequential.execute(Sequential.java:68)
     at net.sf.antcontrib.logic.IfTask.execute(IfTask.java:217)
     at sun.reflect.NativeMethodAccessorImpl.invoke0(Native Method)
     at sun.reflect.NativeMethodAccessorImpl.invoke(Unknown Source)
     at sun.reflect.DelegatingMethodAccessorImpl.invoke(Unknown Source)
     at java.lang.reflect.Method.invoke(Unknown Source)
     at org.apache.tools.ant.dispatch.DispatchUtils.execute(DispatchUtils.java:106)
     at org.apache.tools.ant.TaskAdapter.execute(TaskAdapter.java:154)
     at org.apache.tools.ant.UnknownElement.execute(UnknownElement.java:291)
     at sun.reflect.NativeMethodAccessorImpl.invoke0(Native Method)
     at sun.reflect.NativeMethodAccessorImpl.invoke(Unknown Source)
     at sun.reflect.DelegatingMethodAccessorImpl.invoke(Unknown Source)
     at java.lang.reflect.Method.invoke(Unknown Source)
     at org.apache.tools.ant.dispatch.DispatchUtils.execute(DispatchUtils.java:106)
     at org.apache.tools.ant.Task.perform(Task.java:348)
     at org.apache.tools.ant.Target.execute(Target.java:392)
     at org.apache.tools.ant.Target.performTasks(Target.java:413)
     at org.apache.tools.ant.Project.executeSortedTargets(Project.java:1399)
     at org.apache.tools.ant.Project.executeTarget(Project.java:1368)
     at org.apache.tools.ant.helper.DefaultExecutor.executeTargets(DefaultExecutor.java:41)
     at org.apache.tools.ant.Project.executeTargets(Project.java:1251)
     at com.sencha.ant.AntScript.execute(AntScript.java:117)
     at com.sencha.command.plugin.PluginManager.execute(PluginManager.java:104)
     at com.sencha.command.plugin.PluginManager.executeReverseFirst(PluginManager.java:145)
     at com.sencha.command.environment.BuildEnvironment.execute(BuildEnvironment.java:309)
     at com.sencha.command.environment.AppOrPackageEnvironment.execute(AppOrPackageEnvironment.java:729)
     at com.sencha.command.BasePluginCommands$BasePluginCommand.doExecute(BasePluginCommands.java:125)
     at com.sencha.command.app.AppCommands$BuildCommand.execute(AppCommands.java:470)
     at sun.reflect.NativeMethodAccessorImpl.invoke0(Native Method)
     at sun.reflect.NativeMethodAccessorImpl.invoke(Unknown Source)
     at sun.reflect.DelegatingMethodAccessorImpl.invoke(Unknown Source)
     at java.lang.reflect.Method.invoke(Unknown Source)
     at com.sencha.util.MethodInvoker$Arguments.invoke(MethodInvoker.java:175)
     at com.sencha.cli.Command.dispatch(Command.java:43)
     at com.sencha.command.BasePluginCommands$BasePluginCommand.dispatch(BasePluginCommands.java:289)
     at com.sencha.cli.Commands.dispatch(Commands.java:64)
     at com.sencha.cli.Commands.dispatch(Commands.java:64)
     at com.sencha.command.Sencha.dispatch(Sencha.java:80)
     at com.sencha.command.Sencha.main(Sencha.java:151)
     at sun.reflect.NativeMethodAccessorImpl.invoke0(Native Method)
     at sun.reflect.NativeMethodAccessorImpl.invoke(Unknown Source)
     at sun.reflect.DelegatingMethodAccessorImpl.invoke(Unknown Source)
     at java.lang.reflect.Method.invoke(Unknown Source)
     at com.exe4j.runtime.LauncherEngine.launch(Unknown Source)
     at com.exe4j.runtime.WinLauncher.main(Unknown Source)
     at com.install4j.runtime.launcher.WinLauncher.main(Unknown Source)
   Caused by: com.sencha.exceptions.ExNotFound: Unknown definition for dependency : Ext.grid.Grid
     at org.apache.tools.ant.dispatch.DispatchUtils.execute(DispatchUtils.java:116)
     at org.apache.tools.ant.Task.perform(Task.java:348)
     at org.apache.tools.ant.Target.execute(Target.java:392)
     at org.apache.tools.ant.Target.performTasks(Target.java:413)
     at org.apache.tools.ant.Project.executeSortedTargets(Project.java:1399)
     at org.apache.tools.ant.helper.SingleCheckExecutor.executeTargets(SingleCheckExecutor.java:38)
     at org.apache.tools.ant.Project.executeTargets(Project.java:1251)
     at org.apache.tools.ant.taskdefs.Ant.execute(Ant.java:442)
     at org.apache.tools.ant.taskdefs.CallTarget.execute(CallTarget.java:105)
     at com.sencha.ant.CallTask.execute(CallTask.java:137)
     at org.apache.tools.ant.UnknownElement.execute(UnknownElement.java:291)
     at sun.reflect.GeneratedMethodAccessor32.invoke(Unknown Source)
     at sun.reflect.DelegatingMethodAccessorImpl.invoke(Unknown Source)
     at java.lang.reflect.Method.invoke(Unknown Source)
     at org.apache.tools.ant.dispatch.DispatchUtils.execute(DispatchUtils.java:106)
     at org.apache.tools.ant.Task.perform(Task.java:348)
     at org.apache.tools.ant.Target.execute(Target.java:392)
     at org.apache.tools.ant.Target.performTasks(Target.java:413)
     at org.apache.tools.ant.Project.executeSortedTargets(Project.java:1399)
     at org.apache.tools.ant.helper.SingleCheckExecutor.executeTargets(SingleCheckExecutor.java:38)
     at org.apache.tools.ant.Project.executeTargets(Project.java:1251)
     at org.apache.tools.ant.taskdefs.Ant.execute(Ant.java:442)
     at org.apache.tools.ant.UnknownElement.execute(UnknownElement.java:291)
     at sun.reflect.GeneratedMethodAccessor32.invoke(Unknown Source)
     at sun.reflect.DelegatingMethodAccessorImpl.invoke(Unknown Source)
     at java.lang.reflect.Method.invoke(Unknown Source)
     at org.apache.tools.ant.dispatch.DispatchUtils.execute(DispatchUtils.java:106)
     at org.apache.tools.ant.Task.perform(Task.java:348)
     at org.apache.tools.ant.taskdefs.Sequential.execute(Sequential.java:68)
     at net.sf.antcontrib.logic.IfTask.execute(IfTask.java:217)
     at sun.reflect.NativeMethodAccessorImpl.invoke0(Native Method)
     at sun.reflect.NativeMethodAccessorImpl.invoke(Unknown Source)
     at sun.reflect.DelegatingMethodAccessorImpl.invoke(Unknown Source)
     at java.lang.reflect.Method.invoke(Unknown Source)
     at org.apache.tools.ant.dispatch.DispatchUtils.execute(DispatchUtils.java:106)
     at org.apache.tools.ant.TaskAdapter.execute(TaskAdapter.java:154)
     at org.apache.tools.ant.UnknownElement.execute(UnknownElement.java:291)
     at sun.reflect.NativeMethodAccessorImpl.invoke0(Native Method)
     at sun.reflect.NativeMethodAccessorImpl.invoke(Unknown Source)
     at sun.reflect.DelegatingMethodAccessorImpl.invoke(Unknown Source)
     at java.lang.reflect.Method.invoke(Unknown Source)
     at org.apache.tools.ant.dispatch.DispatchUtils.execute(DispatchUtils.java:106)
     at org.apache.tools.ant.Task.perform(Task.java:348)
     at org.apache.tools.ant.Target.execute(Target.java:392)
     at org.apache.tools.ant.Target.performTasks(Target.java:413)
     at org.apache.tools.ant.Project.executeSortedTargets(Project.java:1399)
     at org.apache.tools.ant.Project.executeTarget(Project.java:1368)
     at org.apache.tools.ant.helper.DefaultExecutor.executeTargets(DefaultExecutor.java:41)
     at org.apache.tools.ant.Project.executeTargets(Project.java:1251)
     at com.sencha.ant.AntScript.execute(AntScript.java:117)
     at com.sencha.command.plugin.PluginManager.execute(PluginManager.java:104)
     at com.sencha.command.plugin.PluginManager.executeReverseFirst(PluginManager.java:145)
     at com.sencha.command.environment.BuildEnvironment.execute(BuildEnvironment.java:309)
     at com.sencha.command.environment.AppOrPackageEnvironment.execute(AppOrPackageEnvironment.java:729)
     at com.sencha.command.BasePluginCommands$BasePluginCommand.doExecute(BasePluginCommands.java:125)
     at com.sencha.command.app.AppCommands$BuildCommand.execute(AppCommands.java:470)
     at sun.reflect.NativeMethodAccessorImpl.invoke0(Native Method)
     at sun.reflect.NativeMethodAccessorImpl.invoke(Unknown Source)
     at sun.reflect.DelegatingMethodAccessorImpl.invoke(Unknown Source)
     at java.lang.reflect.Method.invoke(Unknown Source)
     at com.sencha.util.MethodInvoker$Arguments.invoke(MethodInvoker.java:175)
     at com.sencha.cli.Command.dispatch(Command.java:43)
     at com.sencha.command.BasePluginCommands$BasePluginCommand.dispatch(BasePluginCommands.java:289)
     at com.sencha.cli.Commands.dispatch(Commands.java:64)
     at com.sencha.cli.Commands.dispatch(Commands.java:64)
     at com.sencha.command.Sencha.dispatch(Sencha.java:80)
     at com.sencha.command.Sencha.main(Sencha.java:151)
     at sun.reflect.NativeMethodAccessorImpl.invoke0(Native Method)
     at sun.reflect.NativeMethodAccessorImpl.invoke(Unknown Source)
     at sun.reflect.DelegatingMethodAccessorImpl.invoke(Unknown Source)
     at java.lang.reflect.Method.invoke(Unknown Source)
     at com.exe4j.runtime.LauncherEngine.launch(Unknown Source)
     at com.exe4j.runtime.WinLauncher.main(Unknown Source)
     at com.install4j.runtime.launcher.WinLauncher.main(Unknown Source)
   Caused by: Unknown definition for dependency : Ext.grid.Grid
     at com.sencha.tools.compiler.sources.SymbolCache.linkClassGraph(SymbolCache.java:213)
     at com.sencha.tools.compiler.sources.SymbolCache.processSymbols(SymbolCache.java:379)
     at com.sencha.tools.compiler.sources.ClassPathScope.getScopeSymbols(ClassPathScope.java:417)
     at com.sencha.tools.compiler.sources.ClassPathScope.getScopeSymbols(ClassPathScope.java:408)
     at com.sencha.tools.compiler.sources.TransitiveEnabler.enableTransitiveDependencies(TransitiveEnabler.java:48)
     at com.sencha.tools.compiler.sources.ClassPathScope.processTransitiveDependencies(ClassPathScope.java:589)
     at com.sencha.tools.compiler.sources.ClassPathScope.enableTransitiveDependencies(ClassPathScope.java:600)
     at com.sencha.tools.compiler.sources.ClassPathScope.enableTransitiveDependencies(ClassPathScope.java:604)
     at com.sencha.tools.page.AppJsonBuilder.load(AppJsonBuilder.java:224)
     at com.sencha.command.compile.app.LoadAppCommand.execute(LoadAppCommand.java:60)
     at sun.reflect.NativeMethodAccessorImpl.invoke0(Native Method)
     at sun.reflect.NativeMethodAccessorImpl.invoke(Unknown Source)
     at sun.reflect.DelegatingMethodAccessorImpl.invoke(Unknown Source)
     at java.lang.reflect.Method.invoke(Unknown Source)
     at com.sencha.util.MethodInvoker$Arguments.invoke(MethodInvoker.java:175)
     at com.sencha.cli.Command.dispatch(Command.java:43)
     at com.sencha.cli.Commands.dispatch(Commands.java:64)
     at com.sencha.command.compile.CompileCommands.dispatch(CompileCommands.java:332)
     at com.sencha.cli.AbstractCommand.dispatch(AbstractCommand.java:124)
     at com.sencha.ant.CompileTask$CompileToken.initialize(CompileTask.java:156)
     at com.sencha.ant.CompileTask$CompileToken.dispatchCommand(CompileTask.java:163)
     at com.sencha.ant.CompileTask.doExecute(CompileTask.java:123)
     at com.sencha.ant.BaseAntTask.execute(BaseAntTask.java:34)
     at com.sencha.ant.CompileTask.execute(CompileTask.java:36)
     at org.apache.tools.ant.UnknownElement.execute(UnknownElement.java:291)
     at sun.reflect.GeneratedMethodAccessor32.invoke(Unknown Source)
     at sun.reflect.DelegatingMethodAccessorImpl.invoke(Unknown Source)
     at java.lang.reflect.Method.invoke(Unknown Source)
     at org.apache.tools.ant.dispatch.DispatchUtils.execute(DispatchUtils.java:106)
     at org.apache.tools.ant.Task.perform(Task.java:348)
     at org.apache.tools.ant.Target.execute(Target.java:392)
     at org.apache.tools.ant.Target.performTasks(Target.java:413)
     at org.apache.tools.ant.Project.executeSortedTargets(Project.java:1399)
     at org.apache.tools.ant.helper.SingleCheckExecutor.executeTargets(SingleCheckExecutor.java:38)
     at org.apache.tools.ant.Project.executeTargets(Project.java:1251)
     at org.apache.tools.ant.taskdefs.Ant.execute(Ant.java:442)
     at org.apache.tools.ant.taskdefs.CallTarget.execute(CallTarget.java:105)
     at com.sencha.ant.CallTask.execute(CallTask.java:137)
     at org.apache.tools.ant.UnknownElement.execute(UnknownElement.java:291)
     at sun.reflect.GeneratedMethodAccessor32.invoke(Unknown Source)
     at sun.reflect.DelegatingMethodAccessorImpl.invoke(Unknown Source)
     at java.lang.reflect.Method.invoke(Unknown Source)
     at org.apache.tools.ant.dispatch.DispatchUtils.execute(DispatchUtils.java:106)
     at org.apache.tools.ant.Task.perform(Task.java:348)
     at org.apache.tools.ant.Target.execute(Target.java:392)
     at org.apache.tools.ant.Target.performTasks(Target.java:413)
     at org.apache.tools.ant.Project.executeSortedTargets(Project.java:1399)
     at org.apache.tools.ant.helper.SingleCheckExecutor.executeTargets(SingleCheckExecutor.java:38)
     at org.apache.tools.ant.Project.executeTargets(Project.java:1251)
     at org.apache.tools.ant.taskdefs.Ant.execute(Ant.java:442)
     at org.apache.tools.ant.UnknownElement.execute(UnknownElement.java:291)
     at sun.reflect.GeneratedMethodAccessor32.invoke(Unknown Source)
     at sun.reflect.DelegatingMethodAccessorImpl.invoke(Unknown Source)
     at java.lang.reflect.Method.invoke(Unknown Source)
     at org.apache.tools.ant.dispatch.DispatchUtils.execute(DispatchUtils.java:106)
     at org.apache.tools.ant.Task.perform(Task.java:348)
     at org.apache.tools.ant.taskdefs.Sequential.execute(Sequential.java:68)
     at net.sf.antcontrib.logic.IfTask.execute(IfTask.java:217)
     at sun.reflect.NativeMethodAccessorImpl.invoke0(Native Method)
     at sun.reflect.NativeMethodAccessorImpl.invoke(Unknown Source)
     at sun.reflect.DelegatingMethodAccessorImpl.invoke(Unknown Source)
     at java.lang.reflect.Method.invoke(Unknown Source)
     at org.apache.tools.ant.dispatch.DispatchUtils.execute(DispatchUtils.java:106)
     at org.apache.tools.ant.TaskAdapter.execute(TaskAdapter.java:154)
     at org.apache.tools.ant.UnknownElement.execute(UnknownElement.java:291)
     at sun.reflect.NativeMethodAccessorImpl.invoke0(Native Method)
     at sun.reflect.NativeMethodAccessorImpl.invoke(Unknown Source)
     at sun.reflect.DelegatingMethodAccessorImpl.invoke(Unknown Source)
     at java.lang.reflect.Method.invoke(Unknown Source)
     at org.apache.tools.ant.dispatch.DispatchUtils.execute(DispatchUtils.java:106)
     at org.apache.tools.ant.Task.perform(Task.java:348)
     at org.apache.tools.ant.Target.execute(Target.java:392)
     at org.apache.tools.ant.Target.performTasks(Target.java:413)
     at org.apache.tools.ant.Project.executeSortedTargets(Project.java:1399)
     at org.apache.tools.ant.Project.executeTarget(Project.java:1368)
     at org.apache.tools.ant.helper.DefaultExecutor.executeTargets(DefaultExecutor.java:41)
     at org.apache.tools.ant.Project.executeTargets(Project.java:1251)
     at com.sencha.ant.AntScript.execute(AntScript.java:117)
     at com.sencha.command.plugin.PluginManager.execute(PluginManager.java:104)
     at com.sencha.command.plugin.PluginManager.executeReverseFirst(PluginManager.java:145)
     at com.sencha.command.environment.BuildEnvironment.execute(BuildEnvironment.java:309)
     at com.sencha.command.environment.AppOrPackageEnvironment.execute(AppOrPackageEnvironment.java:729)
     at com.sencha.command.BasePluginCommands$BasePluginCommand.doExecute(BasePluginCommands.java:125)
     at com.sencha.command.app.AppCommands$BuildCommand.execute(AppCommands.java:470)
     at sun.reflect.NativeMethodAccessorImpl.invoke0(Native Method)
     at sun.reflect.NativeMethodAccessorImpl.invoke(Unknown Source)
     at sun.reflect.DelegatingMethodAccessorImpl.invoke(Unknown Source)
     at java.lang.reflect.Method.invoke(Unknown Source)
     at com.sencha.util.MethodInvoker$Arguments.invoke(MethodInvoker.java:175)
     at com.sencha.cli.Command.dispatch(Command.java:43)
     at com.sencha.command.BasePluginCommands$BasePluginCommand.dispatch(BasePluginCommands.java:289)
     at com.sencha.cli.Commands.dispatch(Commands.java:64)
     at com.sencha.cli.Commands.dispatch(Commands.java:64)
     at com.sencha.command.Sencha.dispatch(Sencha.java:80)
     at com.sencha.command.Sencha.main(Sencha.java:151)
     at sun.reflect.NativeMethodAccessorImpl.invoke0(Native Method)
     at sun.reflect.NativeMethodAccessorImpl.invoke(Unknown Source)
     at sun.reflect.DelegatingMethodAccessorImpl.invoke(Unknown Source)
     at java.lang.reflect.Method.invoke(Unknown Source)
     at com.exe4j.runtime.LauncherEngine.launch(Unknown Source)
     at com.exe4j.runtime.WinLauncher.main(Unknown Source)
     at com.install4j.runtime.launcher.WinLauncher.main(Unknown Source)

